  [1m[36m (113.8ms)[0m  [1mCREATE TABLE "content_builder_categories" ("id" INTEGER PRIMARY KEY AUTOINCREMENT NOT NULL, "name" varchar, "slug" varchar, "created_at" datetime NOT NULL, "updated_at" datetime NOT NULL) [0m
  [1m[35m (110.6ms)[0m  CREATE TABLE "content_builder_images" ("id" INTEGER PRIMARY KEY AUTOINCREMENT NOT NULL, "image" varchar, "content_builder_id" integer, "created_at" datetime NOT NULL, "updated_at" datetime NOT NULL) 
  [1m[36m (0.2ms)[0m  [1mselect sqlite_version(*)[0m
  [1m[35m (114.8ms)[0m  CREATE  INDEX "index_content_builder_images_on_content_builder_id" ON "content_builder_images" ("content_builder_id")
  [1m[36m (117.7ms)[0m  [1mCREATE TABLE "content_builders" ("id" INTEGER PRIMARY KEY AUTOINCREMENT NOT NULL, "title" varchar, "written_by" varchar, "date_publish" datetime, "content" text, "status" boolean DEFAULT 'f', "slug" varchar, "summary" text, "content_builder_category_id" integer, "created_at" datetime NOT NULL, "updated_at" datetime NOT NULL) [0m
  [1m[35m (99.8ms)[0m  CREATE  INDEX "index_content_builders_on_content_builder_category_id" ON "content_builders" ("content_builder_category_id")
  [1m[36m (110.8ms)[0m  [1mCREATE TABLE "featured_content_images" ("id" INTEGER PRIMARY KEY AUTOINCREMENT NOT NULL, "image" varchar, "featured_content_id" integer, "created_at" datetime NOT NULL, "updated_at" datetime NOT NULL) [0m
  [1m[35m (99.9ms)[0m  CREATE  INDEX "index_featured_content_images_on_featured_content_id" ON "featured_content_images" ("featured_content_id")
  [1m[36m (99.4ms)[0m  [1mCREATE TABLE "featured_contents" ("id" INTEGER PRIMARY KEY AUTOINCREMENT NOT NULL, "title" varchar, "content" text, "status" boolean DEFAULT 'f', "created_at" datetime NOT NULL, "updated_at" datetime NOT NULL) [0m
  [1m[35m (97.7ms)[0m  CREATE TABLE "schema_migrations" ("version" varchar NOT NULL) 
  [1m[36m (112.6ms)[0m  [1mCREATE UNIQUE INDEX "unique_schema_migrations" ON "schema_migrations" ("version")[0m
  [1m[35m (0.3ms)[0m  SELECT version FROM "schema_migrations"
  [1m[36m (85.3ms)[0m  [1mINSERT INTO "schema_migrations" (version) VALUES ('20160729105948')[0m
  [1m[35m (88.5ms)[0m  INSERT INTO "schema_migrations" (version) VALUES ('20160729105803')
  [1m[36m (66.5ms)[0m  [1mINSERT INTO "schema_migrations" (version) VALUES ('20160729105947')[0m
  [1m[35m (88.6ms)[0m  INSERT INTO "schema_migrations" (version) VALUES ('20160729105801')
  [1m[36m (88.5ms)[0m  [1mINSERT INTO "schema_migrations" (version) VALUES ('20160729105802')[0m
  [1m[36m (91.5ms)[0m  [1mCREATE TABLE "content_builder_categories" ("id" INTEGER PRIMARY KEY AUTOINCREMENT NOT NULL, "name" varchar, "slug" varchar, "created_at" datetime NOT NULL, "updated_at" datetime NOT NULL) [0m
  [1m[35m (88.5ms)[0m  CREATE TABLE "content_builder_images" ("id" INTEGER PRIMARY KEY AUTOINCREMENT NOT NULL, "image" varchar, "content_builder_id" integer, "created_at" datetime NOT NULL, "updated_at" datetime NOT NULL) 
  [1m[36m (0.2ms)[0m  [1mselect sqlite_version(*)[0m
  [1m[35m (83.6ms)[0m  CREATE  INDEX "index_content_builder_images_on_content_builder_id" ON "content_builder_images" ("content_builder_id")
  [1m[36m (96.9ms)[0m  [1mCREATE TABLE "content_builders" ("id" INTEGER PRIMARY KEY AUTOINCREMENT NOT NULL, "title" varchar, "written_by" varchar, "date_publish" datetime, "content" text, "status" boolean DEFAULT 'f', "slug" varchar, "summary" text, "content_builder_category_id" integer, "created_at" datetime NOT NULL, "updated_at" datetime NOT NULL) [0m
  [1m[35m (110.9ms)[0m  CREATE  INDEX "index_content_builders_on_content_builder_category_id" ON "content_builders" ("content_builder_category_id")
  [1m[36m (100.0ms)[0m  [1mCREATE TABLE "featured_content_images" ("id" INTEGER PRIMARY KEY AUTOINCREMENT NOT NULL, "image" varchar, "featured_content_id" integer, "created_at" datetime NOT NULL, "updated_at" datetime NOT NULL) [0m
  [1m[35m (111.1ms)[0m  CREATE  INDEX "index_featured_content_images_on_featured_content_id" ON "featured_content_images" ("featured_content_id")
  [1m[36m (111.1ms)[0m  [1mCREATE TABLE "featured_contents" ("id" INTEGER PRIMARY KEY AUTOINCREMENT NOT NULL, "title" varchar, "content" text, "status" boolean DEFAULT 'f', "created_at" datetime NOT NULL, "updated_at" datetime NOT NULL) [0m
  [1m[35m (90.6ms)[0m  CREATE TABLE "schema_migrations" ("version" varchar NOT NULL) 
  [1m[36m (89.0ms)[0m  [1mCREATE UNIQUE INDEX "unique_schema_migrations" ON "schema_migrations" ("version")[0m
  [1m[35m (0.2ms)[0m  SELECT version FROM "schema_migrations"
  [1m[36m (67.4ms)[0m  [1mINSERT INTO "schema_migrations" (version) VALUES ('20160729105948')[0m
  [1m[35m (66.5ms)[0m  INSERT INTO "schema_migrations" (version) VALUES ('20160729105803')
  [1m[36m (66.5ms)[0m  [1mINSERT INTO "schema_migrations" (version) VALUES ('20160729105947')[0m
  [1m[35m (66.5ms)[0m  INSERT INTO "schema_migrations" (version) VALUES ('20160729105801')
  [1m[36m (66.6ms)[0m  [1mINSERT INTO "schema_migrations" (version) VALUES ('20160729105802')[0m
  [1m[36m (84.0ms)[0m  [1mCREATE TABLE "content_builder_categories" ("id" INTEGER PRIMARY KEY AUTOINCREMENT NOT NULL, "name" varchar, "slug" varchar, "created_at" datetime NOT NULL, "updated_at" datetime NOT NULL) [0m
  [1m[35m (77.4ms)[0m  CREATE TABLE "content_builder_images" ("id" INTEGER PRIMARY KEY AUTOINCREMENT NOT NULL, "image" varchar, "content_builder_id" integer, "created_at" datetime NOT NULL, "updated_at" datetime NOT NULL) 
  [1m[36m (0.2ms)[0m  [1mselect sqlite_version(*)[0m
  [1m[35m (89.8ms)[0m  CREATE  INDEX "index_content_builder_images_on_content_builder_id" ON "content_builder_images" ("content_builder_id")
  [1m[36m (84.4ms)[0m  [1mCREATE TABLE "content_builders" ("id" INTEGER PRIMARY KEY AUTOINCREMENT NOT NULL, "title" varchar, "written_by" varchar, "date_publish" datetime, "content" text, "status" boolean DEFAULT 'f', "slug" varchar, "summary" text, "content_builder_category_id" integer, "created_at" datetime NOT NULL, "updated_at" datetime NOT NULL) [0m
  [1m[35m (100.1ms)[0m  CREATE  INDEX "index_content_builders_on_content_builder_category_id" ON "content_builders" ("content_builder_category_id")
  [1m[36m (111.0ms)[0m  [1mCREATE TABLE "featured_content_images" ("id" INTEGER PRIMARY KEY AUTOINCREMENT NOT NULL, "image" varchar, "featured_content_id" integer, "created_at" datetime NOT NULL, "updated_at" datetime NOT NULL) [0m
  [1m[35m (111.2ms)[0m  CREATE  INDEX "index_featured_content_images_on_featured_content_id" ON "featured_content_images" ("featured_content_id")
  [1m[36m (99.9ms)[0m  [1mCREATE TABLE "featured_contents" ("id" INTEGER PRIMARY KEY AUTOINCREMENT NOT NULL, "title" varchar, "content" text, "status" boolean DEFAULT 'f', "created_at" datetime NOT NULL, "updated_at" datetime NOT NULL) [0m
  [1m[35m (92.9ms)[0m  CREATE TABLE "schema_migrations" ("version" varchar NOT NULL) 
  [1m[36m (99.8ms)[0m  [1mCREATE UNIQUE INDEX "unique_schema_migrations" ON "schema_migrations" ("version")[0m
  [1m[35m (0.2ms)[0m  SELECT version FROM "schema_migrations"
  [1m[36m (69.9ms)[0m  [1mINSERT INTO "schema_migrations" (version) VALUES ('20160729105948')[0m
  [1m[35m (55.4ms)[0m  INSERT INTO "schema_migrations" (version) VALUES ('20160729105803')
  [1m[36m (66.5ms)[0m  [1mINSERT INTO "schema_migrations" (version) VALUES ('20160729105947')[0m
  [1m[35m (55.5ms)[0m  INSERT INTO "schema_migrations" (version) VALUES ('20160729105801')
  [1m[36m (55.3ms)[0m  [1mINSERT INTO "schema_migrations" (version) VALUES ('20160729105802')[0m
  [1m[36m (132.6ms)[0m  [1mCREATE TABLE "content_builder_categories" ("id" INTEGER PRIMARY KEY AUTOINCREMENT NOT NULL, "name" varchar, "slug" varchar, "created_at" datetime NOT NULL, "updated_at" datetime NOT NULL) [0m
  [1m[35m (88.7ms)[0m  CREATE TABLE "content_builder_images" ("id" INTEGER PRIMARY KEY AUTOINCREMENT NOT NULL, "image" varchar, "content_builder_id" integer, "created_at" datetime NOT NULL, "updated_at" datetime NOT NULL) 
  [1m[36m (0.2ms)[0m  [1mselect sqlite_version(*)[0m
  [1m[35m (83.2ms)[0m  CREATE  INDEX "index_content_builder_images_on_content_builder_id" ON "content_builder_images" ("content_builder_id")
  [1m[36m (72.7ms)[0m  [1mCREATE TABLE "content_builders" ("id" INTEGER PRIMARY KEY AUTOINCREMENT NOT NULL, "title" varchar, "written_by" varchar, "date_publish" datetime, "content" text, "status" boolean DEFAULT 'f', "slug" varchar, "summary" text, "content_builder_category_id" integer, "created_at" datetime NOT NULL, "updated_at" datetime NOT NULL) [0m
  [1m[35m (77.9ms)[0m  CREATE  INDEX "index_content_builders_on_content_builder_category_id" ON "content_builders" ("content_builder_category_id")
  [1m[36m (77.7ms)[0m  [1mCREATE TABLE "featured_content_images" ("id" INTEGER PRIMARY KEY AUTOINCREMENT NOT NULL, "image" varchar, "featured_content_id" integer, "created_at" datetime NOT NULL, "updated_at" datetime NOT NULL) [0m
  [1m[35m (77.6ms)[0m  CREATE  INDEX "index_featured_content_images_on_featured_content_id" ON "featured_content_images" ("featured_content_id")
  [1m[36m (91.3ms)[0m  [1mCREATE TABLE "featured_contents" ("id" INTEGER PRIMARY KEY AUTOINCREMENT NOT NULL, "title" varchar, "content" text, "status" boolean DEFAULT 'f', "created_at" datetime NOT NULL, "updated_at" datetime NOT NULL) [0m
  [1m[35m (101.5ms)[0m  CREATE TABLE "schema_migrations" ("version" varchar NOT NULL) 
  [1m[36m (99.9ms)[0m  [1mCREATE UNIQUE INDEX "unique_schema_migrations" ON "schema_migrations" ("version")[0m
  [1m[35m (0.2ms)[0m  SELECT version FROM "schema_migrations"
  [1m[36m (72.2ms)[0m  [1mINSERT INTO "schema_migrations" (version) VALUES ('20160729105948')[0m
  [1m[35m (66.6ms)[0m  INSERT INTO "schema_migrations" (version) VALUES ('20160729105803')
  [1m[36m (66.6ms)[0m  [1mINSERT INTO "schema_migrations" (version) VALUES ('20160729105947')[0m
  [1m[35m (66.5ms)[0m  INSERT INTO "schema_migrations" (version) VALUES ('20160729105801')
  [1m[36m (66.6ms)[0m  [1mINSERT INTO "schema_migrations" (version) VALUES ('20160729105802')[0m
